0 info it worked if it ends with ok
1 verbose cli [ '/usr/local/bin/node', '/usr/local/bin/npm', 'run', 'patch' ]
2 info using npm@4.1.2
3 info using node@v7.6.0
4 verbose run-script [ 'prepatch', 'patch', 'postpatch' ]
5 info lifecycle malong-nodejs-sdk@1.0.0~prepatch: malong-nodejs-sdk@1.0.0
6 silly lifecycle malong-nodejs-sdk@1.0.0~prepatch: no script for prepatch, continuing
7 info lifecycle malong-nodejs-sdk@1.0.0~patch: malong-nodejs-sdk@1.0.0
8 verbose lifecycle malong-nodejs-sdk@1.0.0~patch: unsafe-perm in lifecycle true
9 verbose lifecycle malong-nodejs-sdk@1.0.0~patch: PATH: /usr/local/lib/node_modules/npm/bin/node-gyp-bin:/Users/lizhang/workplace/malong-nodejs-sdk/node_modules/.bin:/Users/lizhang/.composer/vendor/bin:/usr/local/sbin:/Applications/MAMP/bin/php/php5.5.10/bin:/usr/bin:/bin:/usr/sbin:/sbin:/usr/local/bin:/opt/metasploit-framework/bin:/Users/lizhang/.composer/vendor/bin/
10 verbose lifecycle malong-nodejs-sdk@1.0.0~patch: CWD: /Users/lizhang/workplace/malong-nodejs-sdk
11 silly lifecycle malong-nodejs-sdk@1.0.0~patch: Args: [ '-c', 'npm version patch && npm publish' ]
12 silly lifecycle malong-nodejs-sdk@1.0.0~patch: Returned: code: 1  signal: null
13 info lifecycle malong-nodejs-sdk@1.0.0~patch: Failed to exec patch script
14 verbose stack Error: malong-nodejs-sdk@1.0.0 patch: `npm version patch && npm publish`
14 verbose stack Exit status 1
14 verbose stack     at EventEmitter.<anonymous> (/usr/local/lib/node_modules/npm/lib/utils/lifecycle.js:279:16)
14 verbose stack     at emitTwo (events.js:106:13)
14 verbose stack     at EventEmitter.emit (events.js:192:7)
14 verbose stack     at ChildProcess.<anonymous> (/usr/local/lib/node_modules/npm/lib/utils/spawn.js:40:14)
14 verbose stack     at emitTwo (events.js:106:13)
14 verbose stack     at ChildProcess.emit (events.js:192:7)
14 verbose stack     at maybeClose (internal/child_process.js:890:16)
14 verbose stack     at Process.ChildProcess._handle.onexit (internal/child_process.js:226:5)
15 verbose pkgid malong-nodejs-sdk@1.0.0
16 verbose cwd /Users/lizhang/workplace/malong-nodejs-sdk
17 error Darwin 15.6.0
18 error argv "/usr/local/bin/node" "/usr/local/bin/npm" "run" "patch"
19 error node v7.6.0
20 error npm  v4.1.2
21 error code ELIFECYCLE
22 error malong-nodejs-sdk@1.0.0 patch: `npm version patch && npm publish`
22 error Exit status 1
23 error Failed at the malong-nodejs-sdk@1.0.0 patch script 'npm version patch && npm publish'.
23 error Make sure you have the latest version of node.js and npm installed.
23 error If you do, this is most likely a problem with the malong-nodejs-sdk package,
23 error not with npm itself.
23 error Tell the author that this fails on your system:
23 error     npm version patch && npm publish
23 error You can get information on how to open an issue for this project with:
23 error     npm bugs malong-nodejs-sdk
23 error Or if that isn't available, you can get their info via:
23 error     npm owner ls malong-nodejs-sdk
23 error There is likely additional logging output above.
24 verbose exit [ 1, true ]
